19:18:21.065 INFO - Launching a standalone Selenium Server
19:18:21.097 INFO - Java: Oracle Corporation 25.101-b13
19:18:21.097 INFO - OS: Mac OS X 10.11.6 x86_64
19:18:21.107 INFO - v2.53.1, with Core v2.53.1. Built from revision a36b8b1
19:18:21.159 INFO - Driver provider org.openqa.selenium.ie.InternetExplorerDriver registration is skipped:
registration capabilities Capabilities [{ensureCleanSession=true, browserName=internet explorer, version=, platform=WINDOWS}] does not match the current platform MAC
19:18:21.159 INFO - Driver provider org.openqa.selenium.edge.EdgeDriver registration is skipped:
registration capabilities Capabilities [{browserName=MicrosoftEdge, version=, platform=WINDOWS}] does not match the current platform MAC
19:18:21.160 INFO - Driver class not found: com.opera.core.systems.OperaDriver
19:18:21.160 INFO - Driver provider com.opera.core.systems.OperaDriver is not registered
19:18:21.161 INFO - Driver class not found: org.openqa.selenium.htmlunit.HtmlUnitDriver
19:18:21.161 INFO - Driver provider org.openqa.selenium.htmlunit.HtmlUnitDriver is not registered
19:18:21.226 INFO - RemoteWebDriver instances should connect to: http://127.0.0.1:4444/wd/hub
19:18:21.226 INFO - Selenium Server is up and running
19:18:21.458 INFO - Executing: [new session: Capabilities [{acceptSslCerts=true, name=Tests / Nightwatch Test, browserName=chrome, javascriptEnabled=true, chromeOptions={args=[window-size=1280,800, disable-web-security]}, platform=ANY}]])
19:18:21.466 INFO - Creating a new session for Capabilities [{acceptSslCerts=true, name=Tests / Nightwatch Test, browserName=chrome, javascriptEnabled=true, chromeOptions={args=[window-size=1280,800, disable-web-security]}, platform=ANY}]
Starting ChromeDriver 2.25.426935 (820a95b0b81d33e42712f9198c215f703412e1a1) on port 3664
Only local connections are allowed.
19:18:22.519 INFO - Done: [new session: Capabilities [{acceptSslCerts=true, name=Tests / Nightwatch Test, browserName=chrome, javascriptEnabled=true, chromeOptions={args=[window-size=1280,800, disable-web-security]}, platform=ANY}]]
19:18:22.534 INFO - Executing: [get: http://localhost:8080/])
19:18:23.297 INFO - Done: [get: http://localhost:8080/]
19:18:23.304 INFO - Executing: [find elements: By.cssSelector: body])
19:18:23.330 INFO - Done: [find elements: By.cssSelector: body]
19:18:23.334 INFO - Executing: [is displayed: 0 [[ChromeDriver: chrome on MAC (84677b4c8965a47f9611be3f95488cd7)] -> css selector: body]])
19:18:23.349 INFO - Done: [is displayed: 0 [[ChromeDriver: chrome on MAC (84677b4c8965a47f9611be3f95488cd7)] -> css selector: body]]
19:18:23.354 INFO - Executing: [get title])
19:18:23.359 INFO - Done: [get title]
19:18:23.363 INFO - Executing: [find elements: By.cssSelector: .btn-default])
19:18:23.377 INFO - Done: [find elements: By.cssSelector: .btn-default]
19:18:23.380 INFO - Executing: [is displayed: 1 [[ChromeDriver: chrome on MAC (84677b4c8965a47f9611be3f95488cd7)] -> css selector: .btn-default]])
19:18:23.392 INFO - Done: [is displayed: 1 [[ChromeDriver: chrome on MAC (84677b4c8965a47f9611be3f95488cd7)] -> css selector: .btn-default]]
19:18:23.396 INFO - Executing: [find elements: By.cssSelector: .fa-home])
19:18:23.408 INFO - Done: [find elements: By.cssSelector: .fa-home]
19:18:23.411 INFO - Executing: [is displayed: 2 [[ChromeDriver: chrome on MAC (84677b4c8965a47f9611be3f95488cd7)] -> css selector: .fa-home]])
19:18:23.423 INFO - Done: [is displayed: 2 [[ChromeDriver: chrome on MAC (84677b4c8965a47f9611be3f95488cd7)] -> css selector: .fa-home]]
19:18:23.427 INFO - Executing: [find elements: By.cssSelector: .nav-link])
19:18:23.444 INFO - Done: [find elements: By.cssSelector: .nav-link]
19:18:23.447 INFO - Executing: [is displayed: 3 [[ChromeDriver: chrome on MAC (84677b4c8965a47f9611be3f95488cd7)] -> css selector: .nav-link]])
19:18:23.459 INFO - Done: [is displayed: 3 [[ChromeDriver: chrome on MAC (84677b4c8965a47f9611be3f95488cd7)] -> css selector: .nav-link]]
19:18:23.463 INFO - Executing: [find elements: By.cssSelector: .currentCount])
19:18:23.476 INFO - Done: [find elements: By.cssSelector: .currentCount]
19:18:23.478 INFO - Executing: [get text: 6 [[ChromeDriver: chrome on MAC (84677b4c8965a47f9611be3f95488cd7)] -> css selector: .currentCount]])
19:18:23.494 INFO - Done: [get text: 6 [[ChromeDriver: chrome on MAC (84677b4c8965a47f9611be3f95488cd7)] -> css selector: .currentCount]]
19:18:23.498 INFO - Executing: [find element: By.cssSelector: .btn-default])
19:18:23.510 INFO - Done: [find element: By.cssSelector: .btn-default]
19:18:23.513 INFO - Executing: [click: 1 [[ChromeDriver: chrome on MAC (84677b4c8965a47f9611be3f95488cd7)] -> css selector: .btn-default]])
19:18:23.548 INFO - Done: [click: 1 [[ChromeDriver: chrome on MAC (84677b4c8965a47f9611be3f95488cd7)] -> css selector: .btn-default]]
19:18:23.553 INFO - Executing: [find elements: By.cssSelector: .currentCount])
19:18:23.561 INFO - Done: [find elements: By.cssSelector: .currentCount]
19:18:23.565 INFO - Executing: [get text: 6 [[ChromeDriver: chrome on MAC (84677b4c8965a47f9611be3f95488cd7)] -> css selector: .currentCount]])
19:18:23.572 INFO - Done: [get text: 6 [[ChromeDriver: chrome on MAC (84677b4c8965a47f9611be3f95488cd7)] -> css selector: .currentCount]]
19:18:23.575 INFO - Executing: [get: http://localhost:8080/#/alternate])
19:18:23.590 INFO - Done: [get: http://localhost:8080/#/alternate]
19:18:23.593 INFO - Executing: [find elements: By.cssSelector: .currentCount])
19:18:23.601 INFO - Done: [find elements: By.cssSelector: .currentCount]
19:18:23.603 INFO - Executing: [get text: 6 [[ChromeDriver: chrome on MAC (84677b4c8965a47f9611be3f95488cd7)] -> css selector: .currentCount]])
19:18:23.609 INFO - Done: [get text: 6 [[ChromeDriver: chrome on MAC (84677b4c8965a47f9611be3f95488cd7)] -> css selector: .currentCount]]
19:18:23.612 INFO - Executing: [delete session: 179ff4c0-7888-4ec6-b10f-e31b960e379f])
19:18:23.683 INFO - Done: [delete session: 179ff4c0-7888-4ec6-b10f-e31b960e379f]
